  main.cpp
c:\users\somendra\desktop\solar-system-master\main.cpp(25): warning C4244: 'initializing': conversion from 'double' to 'float', possible loss of data
c:\users\somendra\desktop\solar-system-master\main.cpp(60): warning C4244: 'argument': conversion from 'double' to 'GLint', possible loss of data
c:\users\somendra\desktop\solar-system-master\main.cpp(71): warning C4244: 'argument': conversion from 'double' to 'GLint', possible loss of data
c:\users\somendra\desktop\solar-system-master\main.cpp(79): warning C4305: 'argument': truncation from 'double' to 'float'
c:\users\somendra\desktop\solar-system-master\main.cpp(81): warning C4305: 'argument': truncation from 'double' to 'float'
c:\users\somendra\desktop\solar-system-master\main.cpp(82): warning C4305: 'argument': truncation from 'double' to 'float'
c:\users\somendra\desktop\solar-system-master\main.cpp(83): warning C4305: 'argument': truncation from 'double' to 'float'
c:\users\somendra\desktop\solar-system-master\main.cpp(84): warning C4305: 'argument': truncation from 'double' to 'float'
c:\users\somendra\desktop\solar-system-master\main.cpp(85): warning C4305: 'argument': truncation from 'double' to 'float'
c:\users\somendra\desktop\solar-system-master\main.cpp(86): warning C4305: 'argument': truncation from 'double' to 'float'
c:\users\somendra\desktop\solar-system-master\main.cpp(87): warning C4305: 'argument': truncation from 'double' to 'float'
c:\users\somendra\desktop\solar-system-master\main.cpp(88): warning C4305: 'argument': truncation from 'double' to 'float'
c:\users\somendra\desktop\solar-system-master\main.cpp(89): warning C4305: 'argument': truncation from 'double' to 'float'
c:\users\somendra\desktop\solar-system-master\main.cpp(90): warning C4305: 'argument': truncation from 'double' to 'float'
c:\users\somendra\desktop\solar-system-master\main.cpp(91): warning C4305: 'argument': truncation from 'double' to 'float'
c:\users\somendra\desktop\solar-system-master\main.cpp(92): warning C4305: 'argument': truncation from 'double' to 'float'
c:\users\somendra\desktop\solar-system-master\main.cpp(93): warning C4305: 'argument': truncation from 'double' to 'float'
c:\users\somendra\desktop\solar-system-master\main.cpp(94): warning C4305: 'argument': truncation from 'double' to 'float'
c:\users\somendra\desktop\solar-system-master\main.cpp(95): warning C4305: 'argument': truncation from 'double' to 'float'
c:\users\somendra\desktop\solar-system-master\main.cpp(96): warning C4305: 'argument': truncation from 'double' to 'float'
c:\users\somendra\desktop\solar-system-master\main.cpp(97): warning C4305: 'argument': truncation from 'double' to 'float'
c:\users\somendra\desktop\solar-system-master\main.cpp(175): warning C4244: 'argument': conversion from 'double' to 'GLint', possible loss of data
c:\users\somendra\desktop\solar-system-master\main.cpp(176): warning C4244: 'argument': conversion from 'double' to 'GLint', possible loss of data
c:\users\somendra\desktop\solar-system-master\main.cpp(177): warning C4244: 'argument': conversion from 'double' to 'GLint', possible loss of data
c:\users\somendra\desktop\solar-system-master\main.cpp(178): warning C4244: 'argument': conversion from 'double' to 'GLint', possible loss of data
c:\users\somendra\desktop\solar-system-master\main.cpp(179): warning C4244: 'argument': conversion from 'double' to 'GLint', possible loss of data
c:\users\somendra\desktop\solar-system-master\main.cpp(180): warning C4244: 'argument': conversion from 'double' to 'GLint', possible loss of data
c:\users\somendra\desktop\solar-system-master\main.cpp(181): warning C4244: 'argument': conversion from 'double' to 'GLint', possible loss of data
c:\users\somendra\desktop\solar-system-master\main.cpp(182): warning C4244: 'argument': conversion from 'double' to 'GLint', possible loss of data
c:\users\somendra\desktop\solar-system-master\main.cpp(183): warning C4244: 'argument': conversion from 'double' to 'GLint', possible loss of data
c:\users\somendra\desktop\solar-system-master\main.cpp(213): warning C4305: 'argument': truncation from 'double' to 'GLfloat'
c:\users\somendra\desktop\solar-system-master\main.cpp(226): warning C4244: 'argument': conversion from 'double' to 'GLint', possible loss of data
c:\users\somendra\desktop\solar-system-master\main.cpp(249): warning C4244: 'argument': conversion from 'double' to 'GLint', possible loss of data
c:\users\somendra\desktop\solar-system-master\main.cpp(272): warning C4244: 'argument': conversion from 'double' to 'GLint', possible loss of data
c:\users\somendra\desktop\solar-system-master\main.cpp(295): warning C4244: 'argument': conversion from 'double' to 'GLint', possible loss of data
c:\users\somendra\desktop\solar-system-master\main.cpp(324): warning C4244: 'argument': conversion from 'double' to 'GLint', possible loss of data
c:\users\somendra\desktop\solar-system-master\main.cpp(342): warning C4305: 'argument': truncation from 'double' to 'GLfloat'
c:\users\somendra\desktop\solar-system-master\main.cpp(355): warning C4244: 'argument': conversion from 'double' to 'GLint', possible loss of data
c:\users\somendra\desktop\solar-system-master\main.cpp(375): warning C4305: 'argument': truncation from 'double' to 'GLfloat'
c:\users\somendra\desktop\solar-system-master\main.cpp(388): warning C4244: 'argument': conversion from 'double' to 'GLint', possible loss of data
c:\users\somendra\desktop\solar-system-master\main.cpp(394): warning C4244: 'argument': conversion from 'double' to 'GLint', possible loss of data
c:\users\somendra\desktop\solar-system-master\main.cpp(395): warning C4244: 'argument': conversion from 'double' to 'GLint', possible loss of data
c:\users\somendra\desktop\solar-system-master\main.cpp(412): warning C4305: 'argument': truncation from 'double' to 'GLfloat'
c:\users\somendra\desktop\solar-system-master\main.cpp(425): warning C4244: 'argument': conversion from 'double' to 'GLint', possible loss of data
c:\users\somendra\desktop\solar-system-master\main.cpp(441): warning C4305: 'argument': truncation from 'double' to 'GLfloat'
c:\users\somendra\desktop\solar-system-master\main.cpp(454): warning C4244: 'argument': conversion from 'double' to 'GLint', possible loss of data
c:\users\somendra\desktop\solar-system-master\main.cpp(483): warning C4244: 'argument': conversion from 'double' to 'GLint', possible loss of data
  SolarSystem.vcxproj -> C:\Users\somendra\Desktop\Solar-system-master\Debug\SolarSystem.exe
  SolarSystem.vcxproj -> C:\Users\somendra\Desktop\Solar-system-master\Debug\SolarSystem.pdb (Full PDB)
